Работы в системе электроснабжения, выполняемые персоналом службы ЭРТОС:
Силовые щиты:
	ЛАЗ КДП: 14.04.2022
	Вышка КДП: 15.04.2022
Работы, выполняемые по регламенту технического обслуживания ДЭС (в том числе плановые запуски ДЭС):
	Himoinsa HYW 35T5: 12.04.2022
/home/user/MySoft/Python/less
Файл найден
Работы в системе электроснабжения, выполняемые персоналом службы ЭРТОС:
Силовые щиты:
	ЛАЗ КДП: 21.04.2022
	Вышка КДП: 22.04.2022
Работы, выполняемые по регламенту технического обслуживания ДЭС (в том числе плановые запуски ДЭС):
	Himoinsa HYW 35T5: 19.04.2022
/home/user/MySoft/Python/less
/home/user/MySoft/Python/less
Файл найден
Работы в системе электроснабжения, выполняемые персоналом службы ЭРТОС:
Силовые щиты:
	ЛАЗ КДП: 05.05.2022
	Вышка КДП: 06.05.2022
Работы, выполняемые по регламенту технического обслуживания ДЭС (в том числе плановые запуски ДЭС):
	Himoinsa HYW 35T5: 03.05.2022
